This file contains any messages produced by compilers while
running configure, to aid debugging if configure makes a mistake.

It was created by dynamic_motd_cpp configure 0.1, which was
generated by GNU Autoconf 2.69.  Invocation command line was

  $ /Users/Asher/Dropbox/Development/Workspace/Main/Dynamic-MOTD-CPP/configure --enable-maintainer-mode

## --------- ##
## Platform. ##
## --------- ##

hostname = Ubuntu-Laptop
uname -m = x86_64
uname -r = 3.11.0-1-generic
uname -s = Linux
uname -v = #4-Ubuntu SMP Fri Aug 9 02:29:21 UTC 2013

/usr/bin/uname -p = unknown
/bin/uname -X     = unknown

/bin/arch              = unknown
/usr/bin/arch -k       = unknown
/usr/convex/getsysinfo = unknown
/usr/bin/hostinfo      = unknown
/bin/machine           = unknown
/usr/bin/oslevel       = unknown
/bin/universe          = unknown

PATH: /usr/local/sbin
PATH: /usr/local/bin
PATH: /usr/sbin
PATH: /usr/bin
PATH: /sbin
PATH: /bin
PATH: /usr/games
PATH: /usr/local/games


## ----------- ##
## Core tests. ##
## ----------- ##

configure:2432: checking for a BSD-compatible install
configure:2500: result: /usr/bin/install -c
configure:2511: checking whether build environment is sane
configure:2566: result: yes
configure:2717: checking for a thread-safe mkdir -p
configure:2756: result: /bin/mkdir -p
configure:2763: checking for gawk
configure:2779: found /usr/bin/gawk
configure:2790: result: gawk
configure:2801: checking whether make sets $(MAKE)
configure:2823: result: yes
configure:2852: checking whether make supports nested variables
configure:2869: result: yes
configure:2965: checking whether make supports nested variables
configure:2982: result: yes
configure:3052: checking for g++
configure:3068: found /usr/bin/g++
configure:3079: result: g++
configure:3106: checking for C++ compiler version
configure:3115: g++ --version >&5
g++ (Ubuntu/Linaro 4.8.1-8ubuntu1) 4.8.1
Copyright (C) 2013 Free Software Foundation, Inc.
This is free software; see the source for copying conditions.  There is NO
warranty; not even for MERCHANTABILITY or FITNESS FOR A PARTICULAR PURPOSE.

configure:3126: $? = 0
configure:3115: g++ -v >&5
Using built-in specs.
COLLECT_GCC=g++
COLLECT_LTO_WRAPPER=/usr/lib/gcc/x86_64-linux-gnu/4.8/lto-wrapper
Target: x86_64-linux-gnu
Configured with: ../src/configure -v --with-pkgversion='Ubuntu/Linaro 4.8.1-8ubuntu1' --with-bugurl=file:///usr/share/doc/gcc-4.8/README.Bugs --enable-languages=c,c++,java,go,d,fortran,objc,obj-c++ --prefix=/usr --program-suffix=-4.8 --enable-shared --enable-linker-build-id --libexecdir=/usr/lib --without-included-gettext --enable-threads=posix --with-gxx-include-dir=/usr/include/c++/4.8 --libdir=/usr/lib --enable-nls --with-sysroot=/ --enable-clocale=gnu --enable-libstdcxx-debug --enable-libstdcxx-time=yes --enable-gnu-unique-object --enable-plugin --with-system-zlib --disable-browser-plugin --enable-java-awt=gtk --enable-gtk-cairo --with-java-home=/usr/lib/jvm/java-1.5.0-gcj-4.8-amd64/jre --enable-java-home --with-jvm-root-dir=/usr/lib/jvm/java-1.5.0-gcj-4.8-amd64 --with-jvm-jar-dir=/usr/lib/jvm-exports/java-1.5.0-gcj-4.8-amd64 --with-arch-directory=amd64 --with-ecj-jar=/usr/share/java/eclipse-ecj.jar --enable-objc-gc --enable-multiarch --disable-werror --with-arch-32=i686 --with-abi=m64 --with-multilib-list=m32,m64,mx32 --with-tune=generic --enable-checking=release --build=x86_64-linux-gnu --host=x86_64-linux-gnu --target=x86_64-linux-gnu
Thread model: posix
gcc version 4.8.1 (Ubuntu/Linaro 4.8.1-8ubuntu1) 
configure:3126: $? = 0
configure:3115: g++ -V >&5
g++: error: unrecognized command line option '-V'
g++: fatal error: no input files
compilation terminated.
configure:3126: $? = 4
configure:3115: g++ -qversion >&5
g++: error: unrecognized command line option '-qversion'
g++: fatal error: no input files
compilation terminated.
configure:3126: $? = 4
configure:3146: checking whether the C++ compiler works
configure:3168: g++    conftest.cpp  >&5
configure:3172: $? = 0
configure:3220: result: yes
configure:3223: checking for C++ compiler default output file name
configure:3225: result: a.out
configure:3231: checking for suffix of executables
configure:3238: g++ -o conftest    conftest.cpp  >&5
configure:3242: $? = 0
configure:3264: result: 
configure:3286: checking whether we are cross compiling
configure:3294: g++ -o conftest    conftest.cpp  >&5
configure:3298: $? = 0
configure:3305: ./conftest
configure:3309: $? = 0
configure:3324: result: no
configure:3329: checking for suffix of object files
configure:3351: g++ -c   conftest.cpp >&5
configure:3355: $? = 0
configure:3376: result: o
configure:3380: checking whether we are using the GNU C++ compiler
configure:3399: g++ -c   conftest.cpp >&5
configure:3399: $? = 0
configure:3408: result: yes
configure:3417: checking whether g++ accepts -g
configure:3437: g++ -c -g  conftest.cpp >&5
configure:3437: $? = 0
configure:3478: result: yes
configure:3512: checking for style of include used by make
configure:3540: result: GNU
configure:3566: checking dependency style of g++
configure:3677: result: gcc3
configure:3697: checking whether NLS is requested
configure:3706: result: yes
configure:3758: checking for gcc
configure:3774: found /usr/bin/gcc
configure:3785: result: gcc
configure:4014: checking for C compiler version
configure:4023: gcc --version >&5
gcc (Ubuntu/Linaro 4.8.1-8ubuntu1) 4.8.1
Copyright (C) 2013 Free Software Foundation, Inc.
This is free software; see the source for copying conditions.  There is NO
warranty; not even for MERCHANTABILITY or FITNESS FOR A PARTICULAR PURPOSE.

configure:4034: $? = 0
configure:4023: gcc -v >&5
Using built-in specs.
COLLECT_GCC=gcc
COLLECT_LTO_WRAPPER=/usr/lib/gcc/x86_64-linux-gnu/4.8/lto-wrapper
Target: x86_64-linux-gnu
Configured with: ../src/configure -v --with-pkgversion='Ubuntu/Linaro 4.8.1-8ubuntu1' --with-bugurl=file:///usr/share/doc/gcc-4.8/README.Bugs --enable-languages=c,c++,java,go,d,fortran,objc,obj-c++ --prefix=/usr --program-suffix=-4.8 --enable-shared --enable-linker-build-id --libexecdir=/usr/lib --without-included-gettext --enable-threads=posix --with-gxx-include-dir=/usr/include/c++/4.8 --libdir=/usr/lib --enable-nls --with-sysroot=/ --enable-clocale=gnu --enable-libstdcxx-debug --enable-libstdcxx-time=yes --enable-gnu-unique-object --enable-plugin --with-system-zlib --disable-browser-plugin --enable-java-awt=gtk --enable-gtk-cairo --with-java-home=/usr/lib/jvm/java-1.5.0-gcj-4.8-amd64/jre --enable-java-home --with-jvm-root-dir=/usr/lib/jvm/java-1.5.0-gcj-4.8-amd64 --with-jvm-jar-dir=/usr/lib/jvm-exports/java-1.5.0-gcj-4.8-amd64 --with-arch-directory=amd64 --with-ecj-jar=/usr/share/java/eclipse-ecj.jar --enable-objc-gc --enable-multiarch --disable-werror --with-arch-32=i686 --with-abi=m64 --with-multilib-list=m32,m64,mx32 --with-tune=generic --enable-checking=release --build=x86_64-linux-gnu --host=x86_64-linux-gnu --target=x86_64-linux-gnu
Thread model: posix
gcc version 4.8.1 (Ubuntu/Linaro 4.8.1-8ubuntu1) 
configure:4034: $? = 0
configure:4023: gcc -V >&5
gcc: error: unrecognized command line option '-V'
gcc: fatal error: no input files
compilation terminated.
configure:4034: $? = 4
configure:4023: gcc -qversion >&5
gcc: error: unrecognized command line option '-qversion'
gcc: fatal error: no input files
compilation terminated.
configure:4034: $? = 4
configure:4038: checking whether we are using the GNU C compiler
configure:4057: gcc -c   conftest.c >&5
configure:4057: $? = 0
configure:4066: result: yes
configure:4075: checking whether gcc accepts -g
configure:4095: gcc -c -g  conftest.c >&5
configure:4095: $? = 0
configure:4136: result: yes
configure:4153: checking for gcc option to accept ISO C89
configure:4216: gcc  -c -g -O2  conftest.c >&5
configure:4216: $? = 0
configure:4229: result: none needed
configure:4251: checking dependency style of gcc
configure:4362: result: gcc3
configure:4392: checking for intltool >= 0.35.0
configure:4394: result: 0.50.2 found
configure:4402: checking for intltool-update
configure:4420: found /usr/bin/intltool-update
configure:4432: result: /usr/bin/intltool-update
configure:4442: checking for intltool-merge
configure:4460: found /usr/bin/intltool-merge
configure:4472: result: /usr/bin/intltool-merge
configure:4482: checking for intltool-extract
configure:4500: found /usr/bin/intltool-extract
configure:4512: result: /usr/bin/intltool-extract
configure:4666: checking for xgettext
configure:4684: found /usr/bin/xgettext
configure:4696: result: /usr/bin/xgettext
configure:4706: checking for msgmerge
configure:4724: found /usr/bin/msgmerge
configure:4736: result: /usr/bin/msgmerge
configure:4746: checking for msgfmt
configure:4764: found /usr/bin/msgfmt
configure:4776: result: /usr/bin/msgfmt
configure:4786: checking for gmsgfmt
configure:4817: result: /usr/bin/msgfmt
configure:4837: checking for perl
configure:4855: found /usr/bin/perl
configure:4867: result: /usr/bin/perl
configure:4878: checking for perl >= 5.8.1
configure:4885: result: 5.14.2
configure:4889: checking for XML::Parser
configure:4892: result: ok
configure:4917: gcc -o conftest -g -O2   conftest.c  >&5
configure:4917: $? = 0
configure:4956: checking how to run the C preprocessor
configure:4987: gcc -E  conftest.c
configure:4987: $? = 0
configure:5001: gcc -E  conftest.c
conftest.c:12:28: fatal error: ac_nonexistent.h: No such file or directory
 #include <ac_nonexistent.h>
                            ^
compilation terminated.
configure:5001: $? = 1
configure: failed program was:
| /* confdefs.h */
| #define PACKAGE_NAME "dynamic_motd_cpp"
| #define PACKAGE_TARNAME "dynamic_motd_cpp"
| #define PACKAGE_VERSION "0.1"
| #define PACKAGE_STRING "dynamic_motd_cpp 0.1"
| #define PACKAGE_BUGREPORT ""
| #define PACKAGE_URL ""
| #define PACKAGE "dynamic_motd_cpp"
| #define VERSION "0.1"
| #define GETTEXT_PACKAGE "dynamic_motd_cpp"
| /* end confdefs.h.  */
| #include <ac_nonexistent.h>
configure:5026: result: gcc -E
configure:5046: gcc -E  conftest.c
configure:5046: $? = 0
configure:5060: gcc -E  conftest.c
conftest.c:12:28: fatal error: ac_nonexistent.h: No such file or directory
 #include <ac_nonexistent.h>
                            ^
compilation terminated.
configure:5060: $? = 1
configure: failed program was:
| /* confdefs.h */
| #define PACKAGE_NAME "dynamic_motd_cpp"
| #define PACKAGE_TARNAME "dynamic_motd_cpp"
| #define PACKAGE_VERSION "0.1"
| #define PACKAGE_STRING "dynamic_motd_cpp 0.1"
| #define PACKAGE_BUGREPORT ""
| #define PACKAGE_URL ""
| #define PACKAGE "dynamic_motd_cpp"
| #define VERSION "0.1"
| #define GETTEXT_PACKAGE "dynamic_motd_cpp"
| /* end confdefs.h.  */
| #include <ac_nonexistent.h>
configure:5089: checking for grep that handles long lines and -e
configure:5147: result: /bin/grep
configure:5152: checking for egrep
configure:5214: result: /bin/grep -E
configure:5219: checking for ANSI C header files
configure:5239: gcc -c -g -O2  conftest.c >&5
configure:5239: $? = 0
configure:5312: gcc -o conftest -g -O2   conftest.c  >&5
configure:5312: $? = 0
configure:5312: ./conftest
configure:5312: $? = 0
configure:5323: result: yes
configure:5336: checking for sys/types.h
configure:5336: gcc -c -g -O2  conftest.c >&5
configure:5336: $? = 0
configure:5336: result: yes
configure:5336: checking for sys/stat.h
configure:5336: gcc -c -g -O2  conftest.c >&5
configure:5336: $? = 0
configure:5336: result: yes
configure:5336: checking for stdlib.h
configure:5336: gcc -c -g -O2  conftest.c >&5
configure:5336: $? = 0
configure:5336: result: yes
configure:5336: checking for string.h
configure:5336: gcc -c -g -O2  conftest.c >&5
configure:5336: $? = 0
configure:5336: result: yes
configure:5336: checking for memory.h
configure:5336: gcc -c -g -O2  conftest.c >&5
configure:5336: $? = 0
configure:5336: result: yes
configure:5336: checking for strings.h
configure:5336: gcc -c -g -O2  conftest.c >&5
configure:5336: $? = 0
configure:5336: result: yes
configure:5336: checking for inttypes.h
configure:5336: gcc -c -g -O2  conftest.c >&5
configure:5336: $? = 0
configure:5336: result: yes
configure:5336: checking for stdint.h
configure:5336: gcc -c -g -O2  conftest.c >&5
configure:5336: $? = 0
configure:5336: result: yes
configure:5336: checking for unistd.h
configure:5336: gcc -c -g -O2  conftest.c >&5
configure:5336: $? = 0
configure:5336: result: yes
configure:5351: checking locale.h usability
configure:5351: gcc -c -g -O2  conftest.c >&5
configure:5351: $? = 0
configure:5351: result: yes
configure:5351: checking locale.h presence
configure:5351: gcc -E  conftest.c
configure:5351: $? = 0
configure:5351: result: yes
configure:5351: checking for locale.h
configure:5351: result: yes
configure:5362: checking for LC_MESSAGES
configure:5378: gcc -o conftest -g -O2   conftest.c  >&5
configure:5378: $? = 0
configure:5386: result: yes
configure:5403: checking libintl.h usability
configure:5403: gcc -c -g -O2  conftest.c >&5
configure:5403: $? = 0
configure:5403: result: yes
configure:5403: checking libintl.h presence
configure:5403: gcc -E  conftest.c
configure:5403: $? = 0
configure:5403: result: yes
configure:5403: checking for libintl.h
configure:5403: result: yes
configure:5411: checking for ngettext in libc
configure:5429: gcc -o conftest -g -O2   conftest.c  >&5
configure:5429: $? = 0
configure:5438: result: yes
configure:5442: checking for dgettext in libc
configure:5460: gcc -o conftest -g -O2   conftest.c  >&5
configure:5460: $? = 0
configure:5469: result: yes
configure:5476: checking for bind_textdomain_codeset
configure:5476: gcc -o conftest -g -O2   conftest.c  >&5
configure:5476: $? = 0
configure:5476: result: yes
configure:5752: checking for msgfmt
configure:5779: result: /usr/bin/msgfmt
configure:5790: checking for dcgettext
configure:5790: gcc -o conftest -g -O2   conftest.c   >&5
conftest.c:49:6: warning: conflicting types for built-in function 'dcgettext' [enabled by default]
 char dcgettext ();
      ^
configure:5790: $? = 0
configure:5790: result: yes
configure:5800: checking if msgfmt accepts -c
configure:5815: $MSGFMT -c -o /dev/null conftest.foo
configure:5818: $? = 0
configure:5820: result: yes
configure:5830: checking for gmsgfmt
configure:5861: result: /usr/bin/msgfmt
configure:5871: checking for xgettext
configure:5898: result: /usr/bin/xgettext
configure:5917: gcc -o conftest -g -O2   conftest.c   >&5
configure:5917: $? = 0
configure:6088: checking build system type
configure:6102: result: x86_64-unknown-linux-gnu
configure:6122: checking host system type
configure:6135: result: x86_64-unknown-linux-gnu
configure:6176: checking how to print strings
configure:6203: result: printf
configure:6224: checking for a sed that does not truncate output
configure:6288: result: /bin/sed
configure:6306: checking for fgrep
configure:6368: result: /bin/grep -F
configure:6403: checking for ld used by gcc
configure:6470: result: /usr/bin/ld
configure:6477: checking if the linker (/usr/bin/ld) is GNU ld
configure:6492: result: yes
configure:6504: checking for BSD- or MS-compatible name lister (nm)
configure:6553: result: /usr/bin/nm -B
configure:6683: checking the name lister (/usr/bin/nm -B) interface
configure:6690: gcc -c -g -O2  conftest.c >&5
configure:6693: /usr/bin/nm -B "conftest.o"
configure:6696: output
0000000000000000 B some_variable
configure:6703: result: BSD nm
configure:6706: checking whether ln -s works
configure:6710: result: yes
configure:6718: checking the maximum length of command line arguments
configure:6849: result: 1572864
configure:6866: checking whether the shell understands some XSI constructs
configure:6876: result: yes
configure:6880: checking whether the shell understands "+="
configure:6886: result: yes
configure:6921: checking how to convert x86_64-unknown-linux-gnu file names to x86_64-unknown-linux-gnu format
configure:6961: result: func_convert_file_noop
configure:6968: checking how to convert x86_64-unknown-linux-gnu file names to toolchain format
configure:6988: result: func_convert_file_noop
configure:6995: checking for /usr/bin/ld option to reload object files
configure:7002: result: -r
configure:7076: checking for objdump
configure:7092: found /usr/bin/objdump
configure:7103: result: objdump
configure:7135: checking how to recognize dependent libraries
configure:7333: result: pass_all
configure:7418: checking for dlltool
configure:7448: result: no
configure:7478: checking how to associate runtime and link libraries
configure:7505: result: printf %s\n
configure:7565: checking for ar
configure:7581: found /usr/bin/ar
configure:7592: result: ar
configure:7629: checking for archiver @FILE support
configure:7646: gcc -c -g -O2  conftest.c >&5
configure:7646: $? = 0
configure:7649: ar cru libconftest.a @conftest.lst >&5
configure:7652: $? = 0
configure:7657: ar cru libconftest.a @conftest.lst >&5
ar: conftest.o: No such file or directory
configure:7660: $? = 1
configure:7672: result: @
configure:7730: checking for strip
configure:7746: found /usr/bin/strip
configure:7757: result: strip
configure:7829: checking for ranlib
configure:7845: found /usr/bin/ranlib
configure:7856: result: ranlib
configure:7958: checking command to parse /usr/bin/nm -B output from gcc object
configure:8078: gcc -c -g -O2  conftest.c >&5
configure:8081: $? = 0
configure:8085: /usr/bin/nm -B conftest.o \| sed -n -e 's/^.*[ ]\([ABCDGIRSTW][ABCDGIRSTW]*\)[ ][ ]*\([_A-Za-z][_A-Za-z0-9]*\)$/\1 \2 \2/p' | sed '/ __gnu_lto/d' \> conftest.nm
configure:8088: $? = 0
configure:8154: gcc -o conftest -g -O2   conftest.c conftstm.o >&5
configure:8157: $? = 0
configure:8195: result: ok
configure:8232: checking for sysroot
configure:8262: result: no
configure:8339: gcc -c -g -O2  conftest.c >&5
configure:8342: $? = 0
configure:8525: checking for mt
configure:8541: found /bin/mt
configure:8552: result: mt
configure:8575: checking if mt is a manifest tool
configure:8581: mt '-?'
configure:8589: result: no
configure:9228: checking for dlfcn.h
configure:9228: gcc -c -g -O2  conftest.c >&5
configure:9228: $? = 0
configure:9228: result: yes
configure:9445: checking for objdir
configure:9460: result: .libs
configure:9727: checking if gcc supports -fno-rtti -fno-exceptions
configure:9745: gcc -c -g -O2  -fno-rtti -fno-exceptions conftest.c >&5
cc1: warning: command line option '-fno-rtti' is valid for C++/ObjC++ but not for C [enabled by default]
configure:9749: $? = 0
configure:9762: result: no
configure:10089: checking for gcc option to produce PIC
configure:10096: result: -fPIC -DPIC
configure:10104: checking if gcc PIC flag -fPIC -DPIC works
configure:10122: gcc -c -g -O2  -fPIC -DPIC -DPIC conftest.c >&5
configure:10126: $? = 0
configure:10139: result: yes
configure:10168: checking if gcc static flag -static works
configure:10196: result: yes
configure:10211: checking if gcc supports -c -o file.o
configure:10232: gcc -c -g -O2  -o out/conftest2.o conftest.c >&5
configure:10236: $? = 0
configure:10258: result: yes
configure:10266: checking if gcc supports -c -o file.o
configure:10313: result: yes
configure:10346: checking whether the gcc linker (/usr/bin/ld -m elf_x86_64) supports shared libraries
configure:11503: result: yes
configure:11540: checking whether -lc should be explicitly linked in
configure:11548: gcc -c -g -O2  conftest.c >&5
configure:11551: $? = 0
configure:11566: gcc -shared  -fPIC -DPIC conftest.o  -v -Wl,-soname -Wl,conftest -o conftest 2\>\&1 \| /bin/grep  -lc  \>/dev/null 2\>\&1
configure:11569: $? = 0
configure:11583: result: no
configure:11743: checking dynamic linker characteristics
configure:12243: gcc -o conftest -g -O2   -Wl,-rpath -Wl,/foo conftest.c  >&5
configure:12243: $? = 0
configure:12477: result: GNU/Linux ld.so
configure:12584: checking how to hardcode library paths into programs
configure:12609: result: immediate
configure:13149: checking whether stripping libraries is possible
configure:13154: result: yes
configure:13189: checking if libtool supports shared libraries
configure:13191: result: yes
configure:13194: checking whether to build shared libraries
configure:13215: result: yes
configure:13218: checking whether to build static libraries
configure:13222: result: yes
configure:13245: checking how to run the C++ preprocessor
configure:13272: g++ -E  conftest.cpp
configure:13272: $? = 0
configure:13286: g++ -E  conftest.cpp
conftest.cpp:30:28: fatal error: ac_nonexistent.h: No such file or directory
 #include <ac_nonexistent.h>
                            ^
compilation terminated.
configure:13286: $? = 1
configure: failed program was:
| /* confdefs.h */
| #define PACKAGE_NAME "dynamic_motd_cpp"
| #define PACKAGE_TARNAME "dynamic_motd_cpp"
| #define PACKAGE_VERSION "0.1"
| #define PACKAGE_STRING "dynamic_motd_cpp 0.1"
| #define PACKAGE_BUGREPORT ""
| #define PACKAGE_URL ""
| #define PACKAGE "dynamic_motd_cpp"
| #define VERSION "0.1"
| #define GETTEXT_PACKAGE "dynamic_motd_cpp"
| #define STDC_HEADERS 1
| #define HAVE_SYS_TYPES_H 1
| #define HAVE_SYS_STAT_H 1
| #define HAVE_STDLIB_H 1
| #define HAVE_STRING_H 1
| #define HAVE_MEMORY_H 1
| #define HAVE_STRINGS_H 1
| #define HAVE_INTTYPES_H 1
| #define HAVE_STDINT_H 1
| #define HAVE_UNISTD_H 1
| #define HAVE_LOCALE_H 1
| #define HAVE_LC_MESSAGES 1
| #define HAVE_BIND_TEXTDOMAIN_CODESET 1
| #define HAVE_GETTEXT 1
| #define HAVE_DCGETTEXT 1
| #define ENABLE_NLS 1
| #define HAVE_DLFCN_H 1
| #define LT_OBJDIR ".libs/"
| /* end confdefs.h.  */
| #include <ac_nonexistent.h>
configure:13311: result: g++ -E
configure:13331: g++ -E  conftest.cpp
configure:13331: $? = 0
configure:13345: g++ -E  conftest.cpp
conftest.cpp:30:28: fatal error: ac_nonexistent.h: No such file or directory
 #include <ac_nonexistent.h>
                            ^
compilation terminated.
configure:13345: $? = 1
configure: failed program was:
| /* confdefs.h */
| #define PACKAGE_NAME "dynamic_motd_cpp"
| #define PACKAGE_TARNAME "dynamic_motd_cpp"
| #define PACKAGE_VERSION "0.1"
| #define PACKAGE_STRING "dynamic_motd_cpp 0.1"
| #define PACKAGE_BUGREPORT ""
| #define PACKAGE_URL ""
| #define PACKAGE "dynamic_motd_cpp"
| #define VERSION "0.1"
| #define GETTEXT_PACKAGE "dynamic_motd_cpp"
| #define STDC_HEADERS 1
| #define HAVE_SYS_TYPES_H 1
| #define HAVE_SYS_STAT_H 1
| #define HAVE_STDLIB_H 1
| #define HAVE_STRING_H 1
| #define HAVE_MEMORY_H 1
| #define HAVE_STRINGS_H 1
| #define HAVE_INTTYPES_H 1
| #define HAVE_STDINT_H 1
| #define HAVE_UNISTD_H 1
| #define HAVE_LOCALE_H 1
| #define HAVE_LC_MESSAGES 1
| #define HAVE_BIND_TEXTDOMAIN_CODESET 1
| #define HAVE_GETTEXT 1
| #define HAVE_DCGETTEXT 1
| #define ENABLE_NLS 1
| #define HAVE_DLFCN_H 1
| #define LT_OBJDIR ".libs/"
| /* end confdefs.h.  */
| #include <ac_nonexistent.h>
configure:13514: checking for ld used by g++
configure:13581: result: /usr/bin/ld -m elf_x86_64
configure:13588: checking if the linker (/usr/bin/ld -m elf_x86_64) is GNU ld
configure:13603: result: yes
configure:13658: checking whether the g++ linker (/usr/bin/ld -m elf_x86_64) supports shared libraries
configure:14660: result: yes
configure:14696: g++ -c -g -O2  conftest.cpp >&5
configure:14699: $? = 0
configure:15219: checking for g++ option to produce PIC
configure:15226: result: -fPIC -DPIC
configure:15234: checking if g++ PIC flag -fPIC -DPIC works
configure:15252: g++ -c -g -O2  -fPIC -DPIC -DPIC conftest.cpp >&5
configure:15256: $? = 0
configure:15269: result: yes
configure:15292: checking if g++ static flag -static works
configure:15320: result: yes
configure:15332: checking if g++ supports -c -o file.o
configure:15353: g++ -c -g -O2  -o out/conftest2.o conftest.cpp >&5
configure:15357: $? = 0
configure:15379: result: yes
configure:15384: checking if g++ supports -c -o file.o
configure:15431: result: yes
configure:15461: checking whether the g++ linker (/usr/bin/ld -m elf_x86_64) supports shared libraries
configure:15500: result: yes
configure:15641: checking dynamic linker characteristics
configure:16309: result: GNU/Linux ld.so
configure:16362: checking how to hardcode library paths into programs
configure:16387: result: immediate
configure:16565: checking that generated files are newer than configure
configure:16571: result: done
configure:16602: creating ./config.status

## ---------------------- ##
## Running config.status. ##
## ---------------------- ##

This file was extended by dynamic_motd_cpp config.status 0.1, which was
generated by GNU Autoconf 2.69.  Invocation command line was

  CONFIG_FILES    = 
  CONFIG_HEADERS  = 
  CONFIG_LINKS    = 
  CONFIG_COMMANDS = 
  $ ./config.status 

on Ubuntu-Laptop

config.status:1222: creating Makefile
config.status:1222: creating src/Makefile
config.status:1222: creating po/Makefile.in
config.status:1222: creating config.h
config.status:1451: executing depfiles commands
config.status:1451: executing default-1 commands
config.status:1451: executing libtool commands
config.status:1451: executing po/stamp-it commands
configure:19115: WARNING: unrecognized options: --enable-maintainer-mode

## ---------------- ##
## Cache variables. ##
## ---------------- ##

ac_cv_build=x86_64-unknown-linux-gnu
ac_cv_c_compiler_gnu=yes
ac_cv_cxx_compiler_gnu=yes
ac_cv_env_CCC_set=
ac_cv_env_CCC_value=
ac_cv_env_CC_set=
ac_cv_env_CC_value=
ac_cv_env_CFLAGS_set=
ac_cv_env_CFLAGS_value=
ac_cv_env_CPPFLAGS_set=
ac_cv_env_CPPFLAGS_value=
ac_cv_env_CPP_set=
ac_cv_env_CPP_value=
ac_cv_env_CXXCPP_set=
ac_cv_env_CXXCPP_value=
ac_cv_env_CXXFLAGS_set=
ac_cv_env_CXXFLAGS_value=
ac_cv_env_CXX_set=
ac_cv_env_CXX_value=
ac_cv_env_LDFLAGS_set=
ac_cv_env_LDFLAGS_value=
ac_cv_env_LIBS_set=
ac_cv_env_LIBS_value=
ac_cv_env_build_alias_set=
ac_cv_env_build_alias_value=
ac_cv_env_host_alias_set=
ac_cv_env_host_alias_value=
ac_cv_env_target_alias_set=
ac_cv_env_target_alias_value=
ac_cv_func_bind_textdomain_codeset=yes
ac_cv_func_dcgettext=yes
ac_cv_header_dlfcn_h=yes
ac_cv_header_inttypes_h=yes
ac_cv_header_libintl_h=yes
ac_cv_header_locale_h=yes
ac_cv_header_memory_h=yes
ac_cv_header_stdc=yes
ac_cv_header_stdint_h=yes
ac_cv_header_stdlib_h=yes
ac_cv_header_string_h=yes
ac_cv_header_strings_h=yes
ac_cv_header_sys_stat_h=yes
ac_cv_header_sys_types_h=yes
ac_cv_header_unistd_h=yes
ac_cv_host=x86_64-unknown-linux-gnu
ac_cv_objext=o
ac_cv_path_EGREP='/bin/grep -E'
ac_cv_path_FGREP='/bin/grep -F'
ac_cv_path_GMSGFMT=/usr/bin/msgfmt
ac_cv_path_GREP=/bin/grep
ac_cv_path_INTLTOOL_EXTRACT=/usr/bin/intltool-extract
ac_cv_path_INTLTOOL_MERGE=/usr/bin/intltool-merge
ac_cv_path_INTLTOOL_PERL=/usr/bin/perl
ac_cv_path_INTLTOOL_UPDATE=/usr/bin/intltool-update
ac_cv_path_MSGFMT=/usr/bin/msgfmt
ac_cv_path_MSGMERGE=/usr/bin/msgmerge
ac_cv_path_SED=/bin/sed
ac_cv_path_XGETTEXT=/usr/bin/xgettext
ac_cv_path_install='/usr/bin/install -c'
ac_cv_path_mkdir=/bin/mkdir
ac_cv_prog_AWK=gawk
ac_cv_prog_CPP='gcc -E'
ac_cv_prog_CXXCPP='g++ -E'
ac_cv_prog_ac_ct_AR=ar
ac_cv_prog_ac_ct_CC=gcc
ac_cv_prog_ac_ct_CXX=g++
ac_cv_prog_ac_ct_MANIFEST_TOOL=mt
ac_cv_prog_ac_ct_OBJDUMP=objdump
ac_cv_prog_ac_ct_RANLIB=ranlib
ac_cv_prog_ac_ct_STRIP=strip
ac_cv_prog_cc_c89=
ac_cv_prog_cc_g=yes
ac_cv_prog_cxx_g=yes
ac_cv_prog_make_make_set=yes
am_cv_CC_dependencies_compiler_type=gcc3
am_cv_CXX_dependencies_compiler_type=gcc3
am_cv_make_support_nested_variables=yes
am_cv_val_LC_MESSAGES=yes
gt_cv_func_dgettext_libc=yes
gt_cv_func_dgettext_libintl=no
gt_cv_func_ngettext_libc=yes
gt_cv_have_gettext=yes
lt_cv_ar_at_file=@
lt_cv_archive_cmds_need_lc=no
lt_cv_deplibs_check_method=pass_all
lt_cv_file_magic_cmd='$MAGIC_CMD'
lt_cv_file_magic_test_file=
lt_cv_ld_reload_flag=-r
lt_cv_nm_interface='BSD nm'
lt_cv_objdir=.libs
lt_cv_path_LD=/usr/bin/ld
lt_cv_path_LDCXX='/usr/bin/ld -m elf_x86_64'
lt_cv_path_NM='/usr/bin/nm -B'
lt_cv_path_mainfest_tool=no
lt_cv_prog_compiler_c_o=yes
lt_cv_prog_compiler_c_o_CXX=yes
lt_cv_prog_compiler_pic='-fPIC -DPIC'
lt_cv_prog_compiler_pic_CXX='-fPIC -DPIC'
lt_cv_prog_compiler_pic_works=yes
lt_cv_prog_compiler_pic_works_CXX=yes
lt_cv_prog_compiler_rtti_exceptions=no
lt_cv_prog_compiler_static_works=yes
lt_cv_prog_compiler_static_works_CXX=yes
lt_cv_prog_gnu_ld=yes
lt_cv_prog_gnu_ldcxx=yes
lt_cv_sharedlib_from_linklib_cmd='printf %s\n'
lt_cv_shlibpath_overrides_runpath=no
lt_cv_sys_global_symbol_pipe='sed -n -e '\''s/^.*[	 ]\([ABCDGIRSTW][ABCDGIRSTW]*\)[	 ][	 ]*\([_A-Za-z][_A-Za-z0-9]*\)$/\1 \2 \2/p'\'' | sed '\''/ __gnu_lto/d'\'''
lt_cv_sys_global_symbol_to_c_name_address='sed -n -e '\''s/^: \([^ ]*\)[ ]*$/  {\"\1\", (void *) 0},/p'\'' -e '\''s/^[ABCDGIRSTW]* \([^ ]*\) \([^ ]*\)$/  {"\2", (void *) \&\2},/p'\'''
lt_cv_sys_global_symbol_to_c_name_address_lib_prefix='sed -n -e '\''s/^: \([^ ]*\)[ ]*$/  {\"\1\", (void *) 0},/p'\'' -e '\''s/^[ABCDGIRSTW]* \([^ ]*\) \(lib[^ ]*\)$/  {"\2", (void *) \&\2},/p'\'' -e '\''s/^[ABCDGIRSTW]* \([^ ]*\) \([^ ]*\)$/  {"lib\2", (void *) \&\2},/p'\'''
lt_cv_sys_global_symbol_to_cdecl='sed -n -e '\''s/^T .* \(.*\)$/extern int \1();/p'\'' -e '\''s/^[ABCDGIRSTW]* .* \(.*\)$/extern char \1;/p'\'''
lt_cv_sys_max_cmd_len=1572864
lt_cv_to_host_file_cmd=func_convert_file_noop
lt_cv_to_tool_file_cmd=func_convert_file_noop

## ----------------- ##
## Output variables. ##
## ----------------- ##

ACLOCAL='${SHELL} /Users/Asher/Dropbox/Development/Workspace/Main/Dynamic-MOTD-CPP/missing aclocal-1.13'
ALL_LINGUAS=''
AMDEPBACKSLASH='\'
AMDEP_FALSE='#'
AMDEP_TRUE=''
AMTAR='$${TAR-tar}'
AM_BACKSLASH='\'
AM_DEFAULT_V='$(AM_DEFAULT_VERBOSITY)'
AM_DEFAULT_VERBOSITY='0'
AM_V='$(V)'
AR='ar'
AUTOCONF='${SHELL} /Users/Asher/Dropbox/Development/Workspace/Main/Dynamic-MOTD-CPP/missing autoconf'
AUTOHEADER='${SHELL} /Users/Asher/Dropbox/Development/Workspace/Main/Dynamic-MOTD-CPP/missing autoheader'
AUTOMAKE='${SHELL} /Users/Asher/Dropbox/Development/Workspace/Main/Dynamic-MOTD-CPP/missing automake-1.13'
AWK='gawk'
CATALOGS=''
CATOBJEXT='.gmo'
CC='gcc'
CCDEPMODE='depmode=gcc3'
CFLAGS='-g -O2'
CPP='gcc -E'
CPPFLAGS=''
CXX='g++'
CXXCPP='g++ -E'
CXXDEPMODE='depmode=gcc3'
CXXFLAGS='-g -O2'
CYGPATH_W='echo'
DATADIRNAME='share'
DEFS='-DHAVE_CONFIG_H'
DEPDIR='.deps'
DLLTOOL='false'
DSYMUTIL=''
DUMPBIN=''
ECHO_C=''
ECHO_N='-n'
ECHO_T=''
EGREP='/bin/grep -E'
EXEEXT=''
FGREP='/bin/grep -F'
GETTEXT_PACKAGE='dynamic_motd_cpp'
GMOFILES=''
GMSGFMT='/usr/bin/msgfmt'
GREP='/bin/grep'
INSTALL_DATA='${INSTALL} -m 644'
INSTALL_PROGRAM='${INSTALL}'
INSTALL_SCRIPT='${INSTALL}'
INSTALL_STRIP_PROGRAM='$(install_sh) -c -s'
INSTOBJEXT='.mo'
INTLLIBS=''
INTLTOOL_CAVES_RULE='%.caves:     %.caves.in     $(INTLTOOL_MERGE) $(wildcard $(top_srcdir)/po/*.po) ; $(INTLTOOL_V_MERGE)LC_ALL=C $(INTLTOOL_MERGE) $(INTLTOOL_V_MERGE_OPTIONS) -d -u -c $(top_builddir)/po/.intltool-merge-cache $(top_srcdir)/po $< $@'
INTLTOOL_DESKTOP_RULE='%.desktop:   %.desktop.in   $(INTLTOOL_MERGE) $(wildcard $(top_srcdir)/po/*.po) ; $(INTLTOOL_V_MERGE)LC_ALL=C $(INTLTOOL_MERGE) $(INTLTOOL_V_MERGE_OPTIONS) -d -u -c $(top_builddir)/po/.intltool-merge-cache $(top_srcdir)/po $< $@'
INTLTOOL_DIRECTORY_RULE='%.directory: %.directory.in $(INTLTOOL_MERGE) $(wildcard $(top_srcdir)/po/*.po) ; $(INTLTOOL_V_MERGE)LC_ALL=C $(INTLTOOL_MERGE) $(INTLTOOL_V_MERGE_OPTIONS) -d -u -c $(top_builddir)/po/.intltool-merge-cache $(top_srcdir)/po $< $@'
INTLTOOL_EXTRACT='/usr/bin/intltool-extract'
INTLTOOL_KBD_RULE='%.kbd:       %.kbd.in       $(INTLTOOL_MERGE) $(wildcard $(top_srcdir)/po/*.po) ; $(INTLTOOL_V_MERGE)LC_ALL=C $(INTLTOOL_MERGE) $(INTLTOOL_V_MERGE_OPTIONS) -x -u -m -c $(top_builddir)/po/.intltool-merge-cache $(top_srcdir)/po $< $@'
INTLTOOL_KEYS_RULE='%.keys:      %.keys.in      $(INTLTOOL_MERGE) $(wildcard $(top_srcdir)/po/*.po) ; $(INTLTOOL_V_MERGE)LC_ALL=C $(INTLTOOL_MERGE) $(INTLTOOL_V_MERGE_OPTIONS) -k -u -c $(top_builddir)/po/.intltool-merge-cache $(top_srcdir)/po $< $@'
INTLTOOL_MERGE='/usr/bin/intltool-merge'
INTLTOOL_OAF_RULE='%.oaf:       %.oaf.in       $(INTLTOOL_MERGE) $(wildcard $(top_srcdir)/po/*.po) ; $(INTLTOOL_V_MERGE)LC_ALL=C $(INTLTOOL_MERGE) $(INTLTOOL_V_MERGE_OPTIONS) -o -p $(top_srcdir)/po $< $@'
INTLTOOL_PERL='/usr/bin/perl'
INTLTOOL_POLICY_RULE='%.policy:    %.policy.in    $(INTLTOOL_MERGE) $(wildcard $(top_srcdir)/po/*.po) ; $(INTLTOOL_V_MERGE)LC_ALL=C $(INTLTOOL_MERGE) $(INTLTOOL_V_MERGE_OPTIONS) -x -u -c $(top_builddir)/po/.intltool-merge-cache $(top_srcdir)/po $< $@'
INTLTOOL_PONG_RULE='%.pong:      %.pong.in      $(INTLTOOL_MERGE) $(wildcard $(top_srcdir)/po/*.po) ; $(INTLTOOL_V_MERGE)LC_ALL=C $(INTLTOOL_MERGE) $(INTLTOOL_V_MERGE_OPTIONS) -x -u -c $(top_builddir)/po/.intltool-merge-cache $(top_srcdir)/po $< $@'
INTLTOOL_PROP_RULE='%.prop:      %.prop.in      $(INTLTOOL_MERGE) $(wildcard $(top_srcdir)/po/*.po) ; $(INTLTOOL_V_MERGE)LC_ALL=C $(INTLTOOL_MERGE) $(INTLTOOL_V_MERGE_OPTIONS) -d -u -c $(top_builddir)/po/.intltool-merge-cache $(top_srcdir)/po $< $@'
INTLTOOL_SCHEMAS_RULE='%.schemas:   %.schemas.in   $(INTLTOOL_MERGE) $(wildcard $(top_srcdir)/po/*.po) ; $(INTLTOOL_V_MERGE)LC_ALL=C $(INTLTOOL_MERGE) $(INTLTOOL_V_MERGE_OPTIONS) -s -u -c $(top_builddir)/po/.intltool-merge-cache $(top_srcdir)/po $< $@'
INTLTOOL_SERVER_RULE='%.server:    %.server.in    $(INTLTOOL_MERGE) $(wildcard $(top_srcdir)/po/*.po) ; $(INTLTOOL_V_MERGE)LC_ALL=C $(INTLTOOL_MERGE) $(INTLTOOL_V_MERGE_OPTIONS) -o -u -c $(top_builddir)/po/.intltool-merge-cache $(top_srcdir)/po $< $@'
INTLTOOL_SERVICE_RULE='%.service: %.service.in   $(INTLTOOL_MERGE) $(wildcard $(top_srcdir)/po/*.po) ; $(INTLTOOL_V_MERGE)LC_ALL=C $(INTLTOOL_MERGE) $(INTLTOOL_V_MERGE_OPTIONS) -d -u -c $(top_builddir)/po/.intltool-merge-cache $(top_srcdir)/po $< $@'
INTLTOOL_SHEET_RULE='%.sheet:     %.sheet.in     $(INTLTOOL_MERGE) $(wildcard $(top_srcdir)/po/*.po) ; $(INTLTOOL_V_MERGE)LC_ALL=C $(INTLTOOL_MERGE) $(INTLTOOL_V_MERGE_OPTIONS) -x -u -c $(top_builddir)/po/.intltool-merge-cache $(top_srcdir)/po $< $@'
INTLTOOL_SOUNDLIST_RULE='%.soundlist: %.soundlist.in $(INTLTOOL_MERGE) $(wildcard $(top_srcdir)/po/*.po) ; $(INTLTOOL_V_MERGE)LC_ALL=C $(INTLTOOL_MERGE) $(INTLTOOL_V_MERGE_OPTIONS) -d -u -c $(top_builddir)/po/.intltool-merge-cache $(top_srcdir)/po $< $@'
INTLTOOL_THEME_RULE='%.theme:     %.theme.in     $(INTLTOOL_MERGE) $(wildcard $(top_srcdir)/po/*.po) ; $(INTLTOOL_V_MERGE)LC_ALL=C $(INTLTOOL_MERGE) $(INTLTOOL_V_MERGE_OPTIONS) -d -u -c $(top_builddir)/po/.intltool-merge-cache $(top_srcdir)/po $< $@'
INTLTOOL_UI_RULE='%.ui:        %.ui.in        $(INTLTOOL_MERGE) $(wildcard $(top_srcdir)/po/*.po) ; $(INTLTOOL_V_MERGE)LC_ALL=C $(INTLTOOL_MERGE) $(INTLTOOL_V_MERGE_OPTIONS) -x -u -c $(top_builddir)/po/.intltool-merge-cache $(top_srcdir)/po $< $@'
INTLTOOL_UPDATE='/usr/bin/intltool-update'
INTLTOOL_V_MERGE='$(INTLTOOL__v_MERGE_$(V))'
INTLTOOL_V_MERGE_OPTIONS='$(intltool__v_merge_options_$(V))'
INTLTOOL_XAM_RULE='%.xam:       %.xml.in       $(INTLTOOL_MERGE) $(wildcard $(top_srcdir)/po/*.po) ; $(INTLTOOL_V_MERGE)LC_ALL=C $(INTLTOOL_MERGE) $(INTLTOOL_V_MERGE_OPTIONS) -x -u -c $(top_builddir)/po/.intltool-merge-cache $(top_srcdir)/po $< $@'
INTLTOOL_XML_NOMERGE_RULE='%.xml:       %.xml.in       $(INTLTOOL_MERGE) ; $(INTLTOOL_V_MERGE)LC_ALL=C $(INTLTOOL_MERGE) $(INTLTOOL_V_MERGE_OPTIONS) -x -u --no-translations $< $@'
INTLTOOL_XML_RULE='%.xml:       %.xml.in       $(INTLTOOL_MERGE) $(wildcard $(top_srcdir)/po/*.po) ; $(INTLTOOL_V_MERGE)LC_ALL=C $(INTLTOOL_MERGE) $(INTLTOOL_V_MERGE_OPTIONS) -x -u -c $(top_builddir)/po/.intltool-merge-cache $(top_srcdir)/po $< $@'
INTLTOOL__v_MERGE_0='@echo "  ITMRG " $@;'
INTLTOOL__v_MERGE_='$(INTLTOOL__v_MERGE_$(AM_DEFAULT_VERBOSITY))'
LD='/usr/bin/ld -m elf_x86_64'
LDFLAGS=''
LIBOBJS=''
LIBS=''
LIBTOOL='$(SHELL) $(top_builddir)/libtool'
LIPO=''
LN_S='ln -s'
LTLIBOBJS=''
MAKEINFO='${SHELL} /Users/Asher/Dropbox/Development/Workspace/Main/Dynamic-MOTD-CPP/missing makeinfo'
MANIFEST_TOOL=':'
MKDIR_P='/bin/mkdir -p'
MKINSTALLDIRS='./mkinstalldirs'
MSGFMT='/usr/bin/msgfmt'
MSGFMT_OPTS='-c'
MSGMERGE='/usr/bin/msgmerge'
NM='/usr/bin/nm -B'
NMEDIT=''
OBJDUMP='objdump'
OBJEXT='o'
OTOOL64=''
OTOOL=''
PACKAGE='dynamic_motd_cpp'
PACKAGE_BUGREPORT=''
PACKAGE_NAME='dynamic_motd_cpp'
PACKAGE_STRING='dynamic_motd_cpp 0.1'
PACKAGE_TARNAME='dynamic_motd_cpp'
PACKAGE_URL=''
PACKAGE_VERSION='0.1'
PATH_SEPARATOR=':'
POFILES=''
POSUB='po'
PO_IN_DATADIR_FALSE=''
PO_IN_DATADIR_TRUE=''
RANLIB='ranlib'
SED='/bin/sed'
SET_MAKE=''
SHELL='/bin/bash'
STRIP='strip'
USE_NLS='yes'
VERSION='0.1'
XGETTEXT='/usr/bin/xgettext'
ac_ct_AR='ar'
ac_ct_CC='gcc'
ac_ct_CXX='g++'
ac_ct_DUMPBIN=''
am__EXEEXT_FALSE=''
am__EXEEXT_TRUE='#'
am__fastdepCC_FALSE='#'
am__fastdepCC_TRUE=''
am__fastdepCXX_FALSE='#'
am__fastdepCXX_TRUE=''
am__include='include'
am__isrc=''
am__leading_dot='.'
am__nodep='_no'
am__quote=''
am__tar='$${TAR-tar} chof - "$$tardir"'
am__untar='$${TAR-tar} xf -'
bindir='${exec_prefix}/bin'
build='x86_64-unknown-linux-gnu'
build_alias=''
build_cpu='x86_64'
build_os='linux-gnu'
build_vendor='unknown'
datadir='${datarootdir}'
datarootdir='${prefix}/share'
docdir='${datarootdir}/doc/${PACKAGE_TARNAME}'
dvidir='${docdir}'
exec_prefix='${prefix}'
host='x86_64-unknown-linux-gnu'
host_alias=''
host_cpu='x86_64'
host_os='linux-gnu'
host_vendor='unknown'
htmldir='${docdir}'
includedir='${prefix}/include'
infodir='${datarootdir}/info'
install_sh='${SHELL} /Users/Asher/Dropbox/Development/Workspace/Main/Dynamic-MOTD-CPP/install-sh'
intltool__v_merge_options_0='-q'
intltool__v_merge_options_='$(intltool__v_merge_options_$(AM_DEFAULT_VERBOSITY))'
libdir='${exec_prefix}/lib'
libexecdir='${exec_prefix}/libexec'
localedir='${datarootdir}/locale'
localstatedir='${prefix}/var'
mandir='${datarootdir}/man'
mkdir_p='$(MKDIR_P)'
oldincludedir='/usr/include'
pdfdir='${docdir}'
prefix='/usr/local'
program_transform_name='s,x,x,'
psdir='${docdir}'
sbindir='${exec_prefix}/sbin'
sharedstatedir='${prefix}/com'
sysconfdir='${prefix}/etc'
target_alias=''

## ----------- ##
## confdefs.h. ##
## ----------- ##

/* confdefs.h */
#define PACKAGE_NAME "dynamic_motd_cpp"
#define PACKAGE_TARNAME "dynamic_motd_cpp"
#define PACKAGE_VERSION "0.1"
#define PACKAGE_STRING "dynamic_motd_cpp 0.1"
#define PACKAGE_BUGREPORT ""
#define PACKAGE_URL ""
#define PACKAGE "dynamic_motd_cpp"
#define VERSION "0.1"
#define GETTEXT_PACKAGE "dynamic_motd_cpp"
#define STDC_HEADERS 1
#define HAVE_SYS_TYPES_H 1
#define HAVE_SYS_STAT_H 1
#define HAVE_STDLIB_H 1
#define HAVE_STRING_H 1
#define HAVE_MEMORY_H 1
#define HAVE_STRINGS_H 1
#define HAVE_INTTYPES_H 1
#define HAVE_STDINT_H 1
#define HAVE_UNISTD_H 1
#define HAVE_LOCALE_H 1
#define HAVE_LC_MESSAGES 1
#define HAVE_BIND_TEXTDOMAIN_CODESET 1
#define HAVE_GETTEXT 1
#define HAVE_DCGETTEXT 1
#define ENABLE_NLS 1
#define HAVE_DLFCN_H 1
#define LT_OBJDIR ".libs/"

configure: exit 0

## ---------------------- ##
## Running config.status. ##
## ---------------------- ##

This file was extended by dynamic_motd_cpp config.status 0.1, which was
generated by GNU Autoconf 2.69.  Invocation command line was

  CONFIG_FILES    = 
  CONFIG_HEADERS  = 
  CONFIG_LINKS    = 
  CONFIG_COMMANDS = 
  $ ./config.status src/Makefile depfiles

on Ubuntu-Laptop

config.status:1222: creating src/Makefile
config.status:1451: executing depfiles commands

## ---------------------- ##
## Running config.status. ##
## ---------------------- ##

This file was extended by dynamic_motd_cpp config.status 0.1, which was
generated by GNU Autoconf 2.69.  Invocation command line was

  CONFIG_FILES    = 
  CONFIG_HEADERS  = 
  CONFIG_LINKS    = 
  CONFIG_COMMANDS = 
  $ ./config.status src/Makefile depfiles

on Ubuntu-Laptop

config.status:1222: creating src/Makefile
config.status:1451: executing depfiles commands
